2024-08-21 12:44:57,269 INFO [background-preinit][Version.java:21] - HV000001: Hibernate Validator 6.1.6.Final
2024-08-21 12:44:57,269 INFO [background-preinit][Version.java:21] - HV000001: Hibernate Validator 6.1.6.Final
2024-08-21 12:44:57,525 INFO [main][SpringApplication.java:651] - No active profile set, falling back to default profiles: default
2024-08-21 12:44:57,525 INFO [main][SpringApplication.java:651] - No active profile set, falling back to default profiles: default
2024-08-21 12:44:57,951 INFO [main][GenericScope.java:295] - BeanFactory id=bfaebc09-2d0b-3f19-b6f9-9c641e0c641c
2024-08-21 12:44:57,951 INFO [main][GenericScope.java:295] - BeanFactory id=bfaebc09-2d0b-3f19-b6f9-9c641e0c641c
2024-08-21 12:44:58,095 INFO [main][TomcatWebServer.java:108] - Tomcat initialized with port(s): 63040 (http)
2024-08-21 12:44:58,095 INFO [main][TomcatWebServer.java:108] - Tomcat initialized with port(s): 63040 (http)
2024-08-21 12:44:58,100 INFO [main][DirectJDKLog.java:173] - Initializing ProtocolHandler ["http-nio-63040"]
2024-08-21 12:44:58,100 INFO [main][DirectJDKLog.java:173] - Initializing ProtocolHandler ["http-nio-63040"]
2024-08-21 12:44:58,101 INFO [main][DirectJDKLog.java:173] - Starting service [Tomcat]
2024-08-21 12:44:58,101 INFO [main][DirectJDKLog.java:173] - Starting service [Tomcat]
2024-08-21 12:44:58,101 INFO [main][DirectJDKLog.java:173] - Starting Servlet engine: [Apache Tomcat/9.0.41]
2024-08-21 12:44:58,101 INFO [main][DirectJDKLog.java:173] - Starting Servlet engine: [Apache Tomcat/9.0.41]
2024-08-21 12:44:58,162 INFO [main][DirectJDKLog.java:173] - Initializing Spring embedded WebApplicationContext
2024-08-21 12:44:58,162 INFO [main][DirectJDKLog.java:173] - Initializing Spring embedded WebApplicationContext
2024-08-21 12:44:58,162 INFO [main][ServletWebServerApplicationContext.java:285] - Root WebApplicationContext: initialization completed in 629 ms
2024-08-21 12:44:58,162 INFO [main][ServletWebServerApplicationContext.java:285] - Root WebApplicationContext: initialization completed in 629 ms
2024-08-21 12:44:58,666 INFO [main][PropertySourcedRequestMappingHandlerMapping.java:69] - Mapped URL path [/v2/api-docs] onto method [springfox.documentation.swagger2.web.Swagger2Controller#getDocumentation(String, HttpServletRequest)]
2024-08-21 12:44:58,666 INFO [main][PropertySourcedRequestMappingHandlerMapping.java:69] - Mapped URL path [/v2/api-docs] onto method [springfox.documentation.swagger2.web.Swagger2Controller#getDocumentation(String, HttpServletRequest)]
2024-08-21 12:44:58,718 INFO [main][ExecutorConfigurationSupport.java:181] - Initializing ExecutorService 'applicationTaskExecutor'
2024-08-21 12:44:58,718 INFO [main][ExecutorConfigurationSupport.java:181] - Initializing ExecutorService 'applicationTaskExecutor'
2024-08-21 12:44:58,839 INFO [main][DirectJDKLog.java:173] - Starting ProtocolHandler ["http-nio-63040"]
2024-08-21 12:44:58,839 INFO [main][DirectJDKLog.java:173] - Starting ProtocolHandler ["http-nio-63040"]
2024-08-21 12:44:58,852 INFO [main][TomcatWebServer.java:220] - Tomcat started on port(s): 63040 (http) with context path '/content'
2024-08-21 12:44:58,852 INFO [main][TomcatWebServer.java:220] - Tomcat started on port(s): 63040 (http) with context path '/content'
2024-08-21 12:44:58,853 INFO [main][DocumentationPluginsBootstrapper.java:160] - Context refreshed
2024-08-21 12:44:58,853 INFO [main][DocumentationPluginsBootstrapper.java:160] - Context refreshed
2024-08-21 12:44:58,859 INFO [main][DocumentationPluginsBootstrapper.java:163] - Found 1 custom documentation plugin(s)
2024-08-21 12:44:58,859 INFO [main][DocumentationPluginsBootstrapper.java:163] - Found 1 custom documentation plugin(s)
2024-08-21 12:44:58,877 INFO [main][ApiListingReferenceScanner.java:41] - Scanning for api listing references
2024-08-21 12:44:58,877 INFO [main][ApiListingReferenceScanner.java:41] - Scanning for api listing references
2024-08-21 12:44:58,988 INFO [main][StartupInfoLogger.java:61] - Started ContentApplication in 1.95 seconds (JVM running for 2.39)
2024-08-21 12:44:58,988 INFO [main][StartupInfoLogger.java:61] - Started ContentApplication in 1.95 seconds (JVM running for 2.39)
