2024-08-26 21:33:09,332 INFO [SpringContextShutdownHook][ExecutorConfigurationSupport.java:218] - Shutting down ExecutorService 'applicationTaskExecutor'
2024-08-26 21:33:09,332 INFO [SpringContextShutdownHook][ExecutorConfigurationSupport.java:218] - Shutting down ExecutorService 'applicationTaskExecutor'
2024-08-26 21:33:09,345 INFO [SpringContextShutdownHook][HikariDataSource.java:350] - HikariPool-1 - Shutdown initiated...
2024-08-26 21:33:09,345 INFO [SpringContextShutdownHook][HikariDataSource.java:350] - HikariPool-1 - Shutdown initiated...
2024-08-26 21:33:09,349 INFO [SpringContextShutdownHook][HikariDataSource.java:352] - HikariPool-1 - Shutdown completed.
2024-08-26 21:33:09,349 INFO [SpringContextShutdownHook][HikariDataSource.java:352] - HikariPool-1 - Shutdown completed.
2024-08-26 21:33:20,168 INFO [background-preinit][Version.java:21] - HV000001: Hibernate Validator 6.1.6.Final
2024-08-26 21:33:20,168 INFO [background-preinit][Version.java:21] - HV000001: Hibernate Validator 6.1.6.Final
2024-08-26 21:33:20,417 INFO [main][SpringApplication.java:651] - No active profile set, falling back to default profiles: default
2024-08-26 21:33:20,417 INFO [main][SpringApplication.java:651] - No active profile set, falling back to default profiles: default
2024-08-26 21:33:20,811 INFO [main][GenericScope.java:295] - BeanFactory id=4b8fd261-8e04-3670-b5bc-6cca6404bc49
2024-08-26 21:33:20,811 INFO [main][GenericScope.java:295] - BeanFactory id=4b8fd261-8e04-3670-b5bc-6cca6404bc49
2024-08-26 21:33:20,997 INFO [main][TomcatWebServer.java:108] - Tomcat initialized with port(s): 63040 (http)
2024-08-26 21:33:20,997 INFO [main][TomcatWebServer.java:108] - Tomcat initialized with port(s): 63040 (http)
2024-08-26 21:33:21,004 INFO [main][DirectJDKLog.java:173] - Initializing ProtocolHandler ["http-nio-63040"]
2024-08-26 21:33:21,004 INFO [main][DirectJDKLog.java:173] - Initializing ProtocolHandler ["http-nio-63040"]
2024-08-26 21:33:21,004 INFO [main][DirectJDKLog.java:173] - Starting service [Tomcat]
2024-08-26 21:33:21,004 INFO [main][DirectJDKLog.java:173] - Starting service [Tomcat]
2024-08-26 21:33:21,004 INFO [main][DirectJDKLog.java:173] - Starting Servlet engine: [Apache Tomcat/9.0.41]
2024-08-26 21:33:21,004 INFO [main][DirectJDKLog.java:173] - Starting Servlet engine: [Apache Tomcat/9.0.41]
2024-08-26 21:33:21,075 INFO [main][DirectJDKLog.java:173] - Initializing Spring embedded WebApplicationContext
2024-08-26 21:33:21,075 INFO [main][DirectJDKLog.java:173] - Initializing Spring embedded WebApplicationContext
2024-08-26 21:33:21,075 INFO [main][ServletWebServerApplicationContext.java:285] - Root WebApplicationContext: initialization completed in 650 ms
2024-08-26 21:33:21,075 INFO [main][ServletWebServerApplicationContext.java:285] - Root WebApplicationContext: initialization completed in 650 ms
2024-08-26 21:33:21,600 INFO [main][PropertySourcedRequestMappingHandlerMapping.java:69] - Mapped URL path [/v2/api-docs] onto method [springfox.documentation.swagger2.web.Swagger2Controller#getDocumentation(String, HttpServletRequest)]
2024-08-26 21:33:21,600 INFO [main][PropertySourcedRequestMappingHandlerMapping.java:69] - Mapped URL path [/v2/api-docs] onto method [springfox.documentation.swagger2.web.Swagger2Controller#getDocumentation(String, HttpServletRequest)]
2024-08-26 21:33:21,652 INFO [main][ExecutorConfigurationSupport.java:181] - Initializing ExecutorService 'applicationTaskExecutor'
2024-08-26 21:33:21,652 INFO [main][ExecutorConfigurationSupport.java:181] - Initializing ExecutorService 'applicationTaskExecutor'
2024-08-26 21:33:21,752 INFO [main][DirectJDKLog.java:173] - Starting ProtocolHandler ["http-nio-63040"]
2024-08-26 21:33:21,752 INFO [main][DirectJDKLog.java:173] - Starting ProtocolHandler ["http-nio-63040"]
2024-08-26 21:33:21,764 INFO [main][TomcatWebServer.java:220] - Tomcat started on port(s): 63040 (http) with context path '/content'
2024-08-26 21:33:21,764 INFO [main][TomcatWebServer.java:220] - Tomcat started on port(s): 63040 (http) with context path '/content'
2024-08-26 21:33:21,765 INFO [main][DocumentationPluginsBootstrapper.java:160] - Context refreshed
2024-08-26 21:33:21,765 INFO [main][DocumentationPluginsBootstrapper.java:160] - Context refreshed
2024-08-26 21:33:21,771 INFO [main][DocumentationPluginsBootstrapper.java:163] - Found 1 custom documentation plugin(s)
2024-08-26 21:33:21,771 INFO [main][DocumentationPluginsBootstrapper.java:163] - Found 1 custom documentation plugin(s)
2024-08-26 21:33:21,791 INFO [main][ApiListingReferenceScanner.java:41] - Scanning for api listing references
2024-08-26 21:33:21,791 INFO [main][ApiListingReferenceScanner.java:41] - Scanning for api listing references
2024-08-26 21:33:21,905 INFO [main][StartupInfoLogger.java:61] - Started ContentApplication in 1.98 seconds (JVM running for 2.45)
2024-08-26 21:33:21,905 INFO [main][StartupInfoLogger.java:61] - Started ContentApplication in 1.98 seconds (JVM running for 2.45)
