2024-09-22 15:32:30,075 INFO [background-preinit][Version.java:21] - HV000001: Hibernate Validator 6.1.6.Final
2024-09-22 15:32:30,075 INFO [background-preinit][Version.java:21] - HV000001: Hibernate Validator 6.1.6.Final
2024-09-22 15:32:31,431 INFO [main][SpringApplication.java:651] - No active profile set, falling back to default profiles: default
2024-09-22 15:32:31,431 INFO [main][SpringApplication.java:651] - No active profile set, falling back to default profiles: default
2024-09-22 15:32:31,921 INFO [main][GenericScope.java:295] - BeanFactory id=40c70fc5-9402-354b-b3d1-6360e09a6d0b
2024-09-22 15:32:31,921 INFO [main][GenericScope.java:295] - BeanFactory id=40c70fc5-9402-354b-b3d1-6360e09a6d0b
2024-09-22 15:32:32,076 INFO [main][TomcatWebServer.java:108] - Tomcat initialized with port(s): 63110 (http)
2024-09-22 15:32:32,076 INFO [main][TomcatWebServer.java:108] - Tomcat initialized with port(s): 63110 (http)
2024-09-22 15:32:32,081 INFO [main][DirectJDKLog.java:173] - Initializing ProtocolHandler ["http-nio-63110"]
2024-09-22 15:32:32,081 INFO [main][DirectJDKLog.java:173] - Initializing ProtocolHandler ["http-nio-63110"]
2024-09-22 15:32:32,081 INFO [main][DirectJDKLog.java:173] - Starting service [Tomcat]
2024-09-22 15:32:32,081 INFO [main][DirectJDKLog.java:173] - Starting service [Tomcat]
2024-09-22 15:32:32,081 INFO [main][DirectJDKLog.java:173] - Starting Servlet engine: [Apache Tomcat/9.0.41]
2024-09-22 15:32:32,081 INFO [main][DirectJDKLog.java:173] - Starting Servlet engine: [Apache Tomcat/9.0.41]
2024-09-22 15:32:32,140 INFO [main][DirectJDKLog.java:173] - Initializing Spring embedded WebApplicationContext
2024-09-22 15:32:32,140 INFO [main][DirectJDKLog.java:173] - Initializing Spring embedded WebApplicationContext
2024-09-22 15:32:32,140 INFO [main][ServletWebServerApplicationContext.java:285] - Root WebApplicationContext: initialization completed in 701 ms
2024-09-22 15:32:32,140 INFO [main][ServletWebServerApplicationContext.java:285] - Root WebApplicationContext: initialization completed in 701 ms
2024-09-22 15:32:32,595 INFO [main][PropertySourcedRequestMappingHandlerMapping.java:69] - Mapped URL path [/v2/api-docs] onto method [springfox.documentation.swagger2.web.Swagger2Controller#getDocumentation(String, HttpServletRequest)]
2024-09-22 15:32:32,595 INFO [main][PropertySourcedRequestMappingHandlerMapping.java:69] - Mapped URL path [/v2/api-docs] onto method [springfox.documentation.swagger2.web.Swagger2Controller#getDocumentation(String, HttpServletRequest)]
2024-09-22 15:32:32,612 WARN [main][URLConfigurationSource.java:121] - No URLs will be polled as dynamic configuration sources.
2024-09-22 15:32:32,612 WARN [main][URLConfigurationSource.java:121] - No URLs will be polled as dynamic configuration sources.
2024-09-22 15:32:32,613 INFO [main][URLConfigurationSource.java:122] - To enable URLs as dynamic configuration sources, define System property archaius.configurationSource.additionalUrls or make config.properties available on classpath.
2024-09-22 15:32:32,613 INFO [main][URLConfigurationSource.java:122] - To enable URLs as dynamic configuration sources, define System property archaius.configurationSource.additionalUrls or make config.properties available on classpath.
2024-09-22 15:32:32,615 WARN [main][URLConfigurationSource.java:121] - No URLs will be polled as dynamic configuration sources.
2024-09-22 15:32:32,615 WARN [main][URLConfigurationSource.java:121] - No URLs will be polled as dynamic configuration sources.
2024-09-22 15:32:32,615 INFO [main][URLConfigurationSource.java:122] - To enable URLs as dynamic configuration sources, define System property archaius.configurationSource.additionalUrls or make config.properties available on classpath.
2024-09-22 15:32:32,615 INFO [main][URLConfigurationSource.java:122] - To enable URLs as dynamic configuration sources, define System property archaius.configurationSource.additionalUrls or make config.properties available on classpath.
2024-09-22 15:32:32,669 INFO [main][ExecutorConfigurationSupport.java:181] - Initializing ExecutorService 'applicationTaskExecutor'
2024-09-22 15:32:32,669 INFO [main][ExecutorConfigurationSupport.java:181] - Initializing ExecutorService 'applicationTaskExecutor'
2024-09-22 15:32:33,784 INFO [main][InetUtils.java:170] - Cannot determine local hostname
2024-09-22 15:32:33,784 INFO [main][InetUtils.java:170] - Cannot determine local hostname
2024-09-22 15:32:33,788 INFO [main][ExecutorConfigurationSupport.java:181] - Initializing ExecutorService 'Nacos-Watch-Task-Scheduler'
2024-09-22 15:32:33,788 INFO [main][ExecutorConfigurationSupport.java:181] - Initializing ExecutorService 'Nacos-Watch-Task-Scheduler'
2024-09-22 15:32:33,819 INFO [main][ExecutorConfigurationSupport.java:181] - Initializing ExecutorService 'taskScheduler'
2024-09-22 15:32:33,819 INFO [main][ExecutorConfigurationSupport.java:181] - Initializing ExecutorService 'taskScheduler'
2024-09-22 15:32:34,895 INFO [main][InetUtils.java:170] - Cannot determine local hostname
2024-09-22 15:32:34,895 INFO [main][InetUtils.java:170] - Cannot determine local hostname
2024-09-22 15:32:35,058 INFO [main][DirectJDKLog.java:173] - Starting ProtocolHandler ["http-nio-63110"]
2024-09-22 15:32:35,058 INFO [main][DirectJDKLog.java:173] - Starting ProtocolHandler ["http-nio-63110"]
2024-09-22 15:32:35,070 INFO [main][TomcatWebServer.java:220] - Tomcat started on port(s): 63110 (http) with context path '/system'
2024-09-22 15:32:35,070 INFO [main][TomcatWebServer.java:220] - Tomcat started on port(s): 63110 (http) with context path '/system'
2024-09-22 15:32:35,079 INFO [main][NacosServiceRegistry.java:75] - nacos registry, springboot-xue-project system-api 192.168.150.1:63110 register finished
2024-09-22 15:32:35,079 INFO [main][NacosServiceRegistry.java:75] - nacos registry, springboot-xue-project system-api 192.168.150.1:63110 register finished
2024-09-22 15:32:36,150 INFO [main][InetUtils.java:170] - Cannot determine local hostname
2024-09-22 15:32:36,150 INFO [main][InetUtils.java:170] - Cannot determine local hostname
2024-09-22 15:32:36,150 INFO [main][DocumentationPluginsBootstrapper.java:160] - Context refreshed
2024-09-22 15:32:36,150 INFO [main][DocumentationPluginsBootstrapper.java:160] - Context refreshed
2024-09-22 15:32:36,157 INFO [main][DocumentationPluginsBootstrapper.java:163] - Found 1 custom documentation plugin(s)
2024-09-22 15:32:36,157 INFO [main][DocumentationPluginsBootstrapper.java:163] - Found 1 custom documentation plugin(s)
2024-09-22 15:32:36,174 INFO [main][ApiListingReferenceScanner.java:41] - Scanning for api listing references
2024-09-22 15:32:36,174 INFO [main][ApiListingReferenceScanner.java:41] - Scanning for api listing references
2024-09-22 15:32:36,234 INFO [main][StartupInfoLogger.java:61] - Started SystemApplication in 7.491 seconds (JVM running for 7.929)
2024-09-22 15:32:36,234 INFO [main][StartupInfoLogger.java:61] - Started SystemApplication in 7.491 seconds (JVM running for 7.929)
