2024-10-14 21:06:58,866 WARN [Thread-18][HttpClientBeanHolder.java:108] - [HttpClientBeanHolder] Start destroying common HttpClient
2024-10-14 21:06:58,866 WARN [Thread-24][NotifyCenter.java:145] - [NotifyCenter] Start destroying Publisher
2024-10-14 21:06:58,866 WARN [Thread-24][NotifyCenter.java:145] - [NotifyCenter] Start destroying Publisher
2024-10-14 21:06:58,869 WARN [Thread-24][NotifyCenter.java:162] - [NotifyCenter] Destruction of the end
2024-10-14 21:06:58,866 WARN [Thread-18][HttpClientBeanHolder.java:108] - [HttpClientBeanHolder] Start destroying common HttpClient
2024-10-14 21:06:58,869 WARN [Thread-24][NotifyCenter.java:162] - [NotifyCenter] Destruction of the end
2024-10-14 21:06:58,870 WARN [Thread-18][HttpClientBeanHolder.java:114] - [HttpClientBeanHolder] Destruction of the end
2024-10-14 21:06:58,870 WARN [Thread-18][HttpClientBeanHolder.java:114] - [HttpClientBeanHolder] Destruction of the end
2024-10-14 21:06:58,913 INFO [SpringContextShutdownHook][ExecutorConfigurationSupport.java:218] - Shutting down ExecutorService 'Nacos-Watch-Task-Scheduler'
2024-10-14 21:06:58,913 INFO [SpringContextShutdownHook][ExecutorConfigurationSupport.java:218] - Shutting down ExecutorService 'Nacos-Watch-Task-Scheduler'
2024-10-14 21:06:58,914 INFO [SpringContextShutdownHook][NacosServiceRegistry.java:94] - De-registering from Nacos Server now...
2024-10-14 21:06:58,914 INFO [SpringContextShutdownHook][NacosServiceRegistry.java:94] - De-registering from Nacos Server now...
2024-10-14 21:06:58,915 INFO [SpringContextShutdownHook][NacosServiceRegistry.java:114] - De-registration finished.
2024-10-14 21:06:58,915 INFO [SpringContextShutdownHook][NacosServiceRegistry.java:114] - De-registration finished.
2024-10-14 21:07:04,978 WARN [SpringContextShutdownHook][DisposableBeanAdapter.java:349] - Destroy method 'close' on bean with name 'nacosServiceRegistry' threw an exception: java.lang.NullPointerException
2024-10-14 21:07:04,978 WARN [SpringContextShutdownHook][DisposableBeanAdapter.java:349] - Destroy method 'close' on bean with name 'nacosServiceRegistry' threw an exception: java.lang.NullPointerException
2024-10-14 21:07:04,978 INFO [SpringContextShutdownHook][ExecutorConfigurationSupport.java:218] - Shutting down ExecutorService 'applicationTaskExecutor'
2024-10-14 21:07:04,978 INFO [SpringContextShutdownHook][ExecutorConfigurationSupport.java:218] - Shutting down ExecutorService 'applicationTaskExecutor'
2024-10-14 21:07:04,980 INFO [SpringContextShutdownHook][HikariDataSource.java:350] - HikariPool-1 - Shutdown initiated...
2024-10-14 21:07:04,980 INFO [SpringContextShutdownHook][HikariDataSource.java:350] - HikariPool-1 - Shutdown initiated...
2024-10-14 21:07:04,982 INFO [SpringContextShutdownHook][HikariDataSource.java:352] - HikariPool-1 - Shutdown completed.
2024-10-14 21:07:04,982 INFO [SpringContextShutdownHook][HikariDataSource.java:352] - HikariPool-1 - Shutdown completed.
