2024-08-27 22:38:30,639 INFO [SpringContextShutdownHook][ExecutorConfigurationSupport.java:218] - Shutting down ExecutorService 'taskScheduler'
2024-08-27 22:38:30,639 INFO [SpringContextShutdownHook][ExecutorConfigurationSupport.java:218] - Shutting down ExecutorService 'taskScheduler'
2024-08-27 22:38:30,645 INFO [SpringContextShutdownHook][ExecutorConfigurationSupport.java:218] - Shutting down ExecutorService 'applicationTaskExecutor'
2024-08-27 22:38:30,645 INFO [SpringContextShutdownHook][ExecutorConfigurationSupport.java:218] - Shutting down ExecutorService 'applicationTaskExecutor'
2024-08-27 22:38:32,691 INFO [background-preinit][Version.java:21] - HV000001: Hibernate Validator 6.1.6.Final
2024-08-27 22:38:32,691 INFO [background-preinit][Version.java:21] - HV000001: Hibernate Validator 6.1.6.Final
2024-08-27 22:38:32,964 INFO [main][SpringApplication.java:651] - No active profile set, falling back to default profiles: default
2024-08-27 22:38:32,964 INFO [main][SpringApplication.java:651] - No active profile set, falling back to default profiles: default
2024-08-27 22:38:33,410 INFO [main][GenericScope.java:295] - BeanFactory id=47278d3f-3ef5-3011-9220-02fb98f70262
2024-08-27 22:38:33,410 INFO [main][GenericScope.java:295] - BeanFactory id=47278d3f-3ef5-3011-9220-02fb98f70262
2024-08-27 22:38:33,571 INFO [main][TomcatWebServer.java:108] - Tomcat initialized with port(s): 63110 (http)
2024-08-27 22:38:33,571 INFO [main][TomcatWebServer.java:108] - Tomcat initialized with port(s): 63110 (http)
2024-08-27 22:38:33,576 INFO [main][DirectJDKLog.java:173] - Initializing ProtocolHandler ["http-nio-63110"]
2024-08-27 22:38:33,576 INFO [main][DirectJDKLog.java:173] - Initializing ProtocolHandler ["http-nio-63110"]
2024-08-27 22:38:33,576 INFO [main][DirectJDKLog.java:173] - Starting service [Tomcat]
2024-08-27 22:38:33,576 INFO [main][DirectJDKLog.java:173] - Starting service [Tomcat]
2024-08-27 22:38:33,576 INFO [main][DirectJDKLog.java:173] - Starting Servlet engine: [Apache Tomcat/9.0.41]
2024-08-27 22:38:33,576 INFO [main][DirectJDKLog.java:173] - Starting Servlet engine: [Apache Tomcat/9.0.41]
2024-08-27 22:38:33,624 INFO [main][DirectJDKLog.java:173] - Initializing Spring embedded WebApplicationContext
2024-08-27 22:38:33,624 INFO [main][DirectJDKLog.java:173] - Initializing Spring embedded WebApplicationContext
2024-08-27 22:38:33,624 INFO [main][ServletWebServerApplicationContext.java:285] - Root WebApplicationContext: initialization completed in 651 ms
2024-08-27 22:38:33,624 INFO [main][ServletWebServerApplicationContext.java:285] - Root WebApplicationContext: initialization completed in 651 ms
2024-08-27 22:38:34,064 INFO [main][PropertySourcedRequestMappingHandlerMapping.java:69] - Mapped URL path [/v2/api-docs] onto method [springfox.documentation.swagger2.web.Swagger2Controller#getDocumentation(String, HttpServletRequest)]
2024-08-27 22:38:34,064 INFO [main][PropertySourcedRequestMappingHandlerMapping.java:69] - Mapped URL path [/v2/api-docs] onto method [springfox.documentation.swagger2.web.Swagger2Controller#getDocumentation(String, HttpServletRequest)]
2024-08-27 22:38:34,119 INFO [main][ExecutorConfigurationSupport.java:181] - Initializing ExecutorService 'applicationTaskExecutor'
2024-08-27 22:38:34,119 INFO [main][ExecutorConfigurationSupport.java:181] - Initializing ExecutorService 'applicationTaskExecutor'
2024-08-27 22:38:34,185 INFO [main][ExecutorConfigurationSupport.java:181] - Initializing ExecutorService 'taskScheduler'
2024-08-27 22:38:34,185 INFO [main][ExecutorConfigurationSupport.java:181] - Initializing ExecutorService 'taskScheduler'
2024-08-27 22:38:34,220 INFO [main][DirectJDKLog.java:173] - Starting ProtocolHandler ["http-nio-63110"]
2024-08-27 22:38:34,220 INFO [main][DirectJDKLog.java:173] - Starting ProtocolHandler ["http-nio-63110"]
2024-08-27 22:38:34,232 INFO [main][TomcatWebServer.java:220] - Tomcat started on port(s): 63110 (http) with context path '/system'
2024-08-27 22:38:34,232 INFO [main][TomcatWebServer.java:220] - Tomcat started on port(s): 63110 (http) with context path '/system'
2024-08-27 22:38:34,233 INFO [main][DocumentationPluginsBootstrapper.java:160] - Context refreshed
2024-08-27 22:38:34,233 INFO [main][DocumentationPluginsBootstrapper.java:160] - Context refreshed
2024-08-27 22:38:34,240 INFO [main][DocumentationPluginsBootstrapper.java:163] - Found 1 custom documentation plugin(s)
2024-08-27 22:38:34,240 INFO [main][DocumentationPluginsBootstrapper.java:163] - Found 1 custom documentation plugin(s)
2024-08-27 22:38:34,257 INFO [main][ApiListingReferenceScanner.java:41] - Scanning for api listing references
2024-08-27 22:38:34,257 INFO [main][ApiListingReferenceScanner.java:41] - Scanning for api listing references
2024-08-27 22:38:34,332 INFO [main][StartupInfoLogger.java:61] - Started SystemApplication in 1.901 seconds (JVM running for 2.453)
2024-08-27 22:38:34,332 INFO [main][StartupInfoLogger.java:61] - Started SystemApplication in 1.901 seconds (JVM running for 2.453)
2024-08-27 22:41:07,689 INFO [SpringContextShutdownHook][ExecutorConfigurationSupport.java:218] - Shutting down ExecutorService 'taskScheduler'
2024-08-27 22:41:07,689 INFO [SpringContextShutdownHook][ExecutorConfigurationSupport.java:218] - Shutting down ExecutorService 'taskScheduler'
2024-08-27 22:41:07,690 INFO [SpringContextShutdownHook][ExecutorConfigurationSupport.java:218] - Shutting down ExecutorService 'applicationTaskExecutor'
2024-08-27 22:41:07,690 INFO [SpringContextShutdownHook][ExecutorConfigurationSupport.java:218] - Shutting down ExecutorService 'applicationTaskExecutor'
2024-08-27 22:41:11,259 INFO [background-preinit][Version.java:21] - HV000001: Hibernate Validator 6.1.6.Final
2024-08-27 22:41:11,259 INFO [background-preinit][Version.java:21] - HV000001: Hibernate Validator 6.1.6.Final
2024-08-27 22:41:11,506 INFO [main][SpringApplication.java:651] - No active profile set, falling back to default profiles: default
2024-08-27 22:41:11,506 INFO [main][SpringApplication.java:651] - No active profile set, falling back to default profiles: default
2024-08-27 22:41:11,909 INFO [main][GenericScope.java:295] - BeanFactory id=47278d3f-3ef5-3011-9220-02fb98f70262
2024-08-27 22:41:11,909 INFO [main][GenericScope.java:295] - BeanFactory id=47278d3f-3ef5-3011-9220-02fb98f70262
2024-08-27 22:41:12,080 INFO [main][TomcatWebServer.java:108] - Tomcat initialized with port(s): 63110 (http)
2024-08-27 22:41:12,080 INFO [main][TomcatWebServer.java:108] - Tomcat initialized with port(s): 63110 (http)
2024-08-27 22:41:12,084 INFO [main][DirectJDKLog.java:173] - Initializing ProtocolHandler ["http-nio-63110"]
2024-08-27 22:41:12,084 INFO [main][DirectJDKLog.java:173] - Initializing ProtocolHandler ["http-nio-63110"]
2024-08-27 22:41:12,085 INFO [main][DirectJDKLog.java:173] - Starting service [Tomcat]
2024-08-27 22:41:12,085 INFO [main][DirectJDKLog.java:173] - Starting service [Tomcat]
2024-08-27 22:41:12,085 INFO [main][DirectJDKLog.java:173] - Starting Servlet engine: [Apache Tomcat/9.0.41]
2024-08-27 22:41:12,085 INFO [main][DirectJDKLog.java:173] - Starting Servlet engine: [Apache Tomcat/9.0.41]
2024-08-27 22:41:12,133 INFO [main][DirectJDKLog.java:173] - Initializing Spring embedded WebApplicationContext
2024-08-27 22:41:12,133 INFO [main][DirectJDKLog.java:173] - Initializing Spring embedded WebApplicationContext
2024-08-27 22:41:12,133 INFO [main][ServletWebServerApplicationContext.java:285] - Root WebApplicationContext: initialization completed in 619 ms
2024-08-27 22:41:12,133 INFO [main][ServletWebServerApplicationContext.java:285] - Root WebApplicationContext: initialization completed in 619 ms
2024-08-27 22:41:12,591 INFO [main][PropertySourcedRequestMappingHandlerMapping.java:69] - Mapped URL path [/v2/api-docs] onto method [springfox.documentation.swagger2.web.Swagger2Controller#getDocumentation(String, HttpServletRequest)]
2024-08-27 22:41:12,591 INFO [main][PropertySourcedRequestMappingHandlerMapping.java:69] - Mapped URL path [/v2/api-docs] onto method [springfox.documentation.swagger2.web.Swagger2Controller#getDocumentation(String, HttpServletRequest)]
2024-08-27 22:41:12,648 INFO [main][ExecutorConfigurationSupport.java:181] - Initializing ExecutorService 'applicationTaskExecutor'
2024-08-27 22:41:12,648 INFO [main][ExecutorConfigurationSupport.java:181] - Initializing ExecutorService 'applicationTaskExecutor'
2024-08-27 22:41:12,714 INFO [main][ExecutorConfigurationSupport.java:181] - Initializing ExecutorService 'taskScheduler'
2024-08-27 22:41:12,714 INFO [main][ExecutorConfigurationSupport.java:181] - Initializing ExecutorService 'taskScheduler'
2024-08-27 22:41:12,749 INFO [main][DirectJDKLog.java:173] - Starting ProtocolHandler ["http-nio-63110"]
2024-08-27 22:41:12,749 INFO [main][DirectJDKLog.java:173] - Starting ProtocolHandler ["http-nio-63110"]
2024-08-27 22:41:12,761 INFO [main][TomcatWebServer.java:220] - Tomcat started on port(s): 63110 (http) with context path '/system'
2024-08-27 22:41:12,761 INFO [main][TomcatWebServer.java:220] - Tomcat started on port(s): 63110 (http) with context path '/system'
2024-08-27 22:41:12,762 INFO [main][DocumentationPluginsBootstrapper.java:160] - Context refreshed
2024-08-27 22:41:12,762 INFO [main][DocumentationPluginsBootstrapper.java:160] - Context refreshed
2024-08-27 22:41:12,768 INFO [main][DocumentationPluginsBootstrapper.java:163] - Found 1 custom documentation plugin(s)
2024-08-27 22:41:12,768 INFO [main][DocumentationPluginsBootstrapper.java:163] - Found 1 custom documentation plugin(s)
2024-08-27 22:41:12,783 INFO [main][ApiListingReferenceScanner.java:41] - Scanning for api listing references
2024-08-27 22:41:12,783 INFO [main][ApiListingReferenceScanner.java:41] - Scanning for api listing references
2024-08-27 22:41:12,853 INFO [main][StartupInfoLogger.java:61] - Started SystemApplication in 1.811 seconds (JVM running for 2.23)
2024-08-27 22:41:12,853 INFO [main][StartupInfoLogger.java:61] - Started SystemApplication in 1.811 seconds (JVM running for 2.23)
