2024-08-27 21:47:53,711 INFO [SpringContextShutdownHook][ExecutorConfigurationSupport.java:218] - Shutting down ExecutorService 'applicationTaskExecutor'
2024-08-27 21:47:53,711 INFO [SpringContextShutdownHook][ExecutorConfigurationSupport.java:218] - Shutting down ExecutorService 'applicationTaskExecutor'
2024-08-27 21:47:53,727 INFO [SpringContextShutdownHook][HikariDataSource.java:350] - HikariPool-1 - Shutdown initiated...
2024-08-27 21:47:53,727 INFO [SpringContextShutdownHook][HikariDataSource.java:350] - HikariPool-1 - Shutdown initiated...
2024-08-27 21:47:53,732 INFO [SpringContextShutdownHook][HikariDataSource.java:352] - HikariPool-1 - Shutdown completed.
2024-08-27 21:47:53,732 INFO [SpringContextShutdownHook][HikariDataSource.java:352] - HikariPool-1 - Shutdown completed.
2024-08-27 21:48:10,307 INFO [background-preinit][Version.java:21] - HV000001: Hibernate Validator 6.1.6.Final
2024-08-27 21:48:10,307 INFO [background-preinit][Version.java:21] - HV000001: Hibernate Validator 6.1.6.Final
2024-08-27 21:48:11,646 INFO [main][SpringApplication.java:651] - No active profile set, falling back to default profiles: default
2024-08-27 21:48:11,646 INFO [main][SpringApplication.java:651] - No active profile set, falling back to default profiles: default
2024-08-27 21:48:12,158 INFO [main][GenericScope.java:295] - BeanFactory id=5bc8a6b3-0500-3fb2-899b-820b55afc91a
2024-08-27 21:48:12,158 INFO [main][GenericScope.java:295] - BeanFactory id=5bc8a6b3-0500-3fb2-899b-820b55afc91a
2024-08-27 21:48:12,318 INFO [main][TomcatWebServer.java:108] - Tomcat initialized with port(s): 63040 (http)
2024-08-27 21:48:12,318 INFO [main][TomcatWebServer.java:108] - Tomcat initialized with port(s): 63040 (http)
2024-08-27 21:48:12,323 INFO [main][DirectJDKLog.java:173] - Initializing ProtocolHandler ["http-nio-63040"]
2024-08-27 21:48:12,323 INFO [main][DirectJDKLog.java:173] - Initializing ProtocolHandler ["http-nio-63040"]
2024-08-27 21:48:12,323 INFO [main][DirectJDKLog.java:173] - Starting service [Tomcat]
2024-08-27 21:48:12,323 INFO [main][DirectJDKLog.java:173] - Starting service [Tomcat]
2024-08-27 21:48:12,323 INFO [main][DirectJDKLog.java:173] - Starting Servlet engine: [Apache Tomcat/9.0.41]
2024-08-27 21:48:12,323 INFO [main][DirectJDKLog.java:173] - Starting Servlet engine: [Apache Tomcat/9.0.41]
2024-08-27 21:48:12,386 INFO [main][DirectJDKLog.java:173] - Initializing Spring embedded WebApplicationContext
2024-08-27 21:48:12,386 INFO [main][DirectJDKLog.java:173] - Initializing Spring embedded WebApplicationContext
2024-08-27 21:48:12,386 INFO [main][ServletWebServerApplicationContext.java:285] - Root WebApplicationContext: initialization completed in 732 ms
2024-08-27 21:48:12,386 INFO [main][ServletWebServerApplicationContext.java:285] - Root WebApplicationContext: initialization completed in 732 ms
2024-08-27 21:48:12,965 INFO [main][PropertySourcedRequestMappingHandlerMapping.java:69] - Mapped URL path [/v2/api-docs] onto method [springfox.documentation.swagger2.web.Swagger2Controller#getDocumentation(String, HttpServletRequest)]
2024-08-27 21:48:12,965 INFO [main][PropertySourcedRequestMappingHandlerMapping.java:69] - Mapped URL path [/v2/api-docs] onto method [springfox.documentation.swagger2.web.Swagger2Controller#getDocumentation(String, HttpServletRequest)]
2024-08-27 21:48:12,984 WARN [main][URLConfigurationSource.java:121] - No URLs will be polled as dynamic configuration sources.
2024-08-27 21:48:12,984 WARN [main][URLConfigurationSource.java:121] - No URLs will be polled as dynamic configuration sources.
2024-08-27 21:48:12,984 INFO [main][URLConfigurationSource.java:122] - To enable URLs as dynamic configuration sources, define System property archaius.configurationSource.additionalUrls or make config.properties available on classpath.
2024-08-27 21:48:12,984 INFO [main][URLConfigurationSource.java:122] - To enable URLs as dynamic configuration sources, define System property archaius.configurationSource.additionalUrls or make config.properties available on classpath.
2024-08-27 21:48:12,987 WARN [main][URLConfigurationSource.java:121] - No URLs will be polled as dynamic configuration sources.
2024-08-27 21:48:12,987 WARN [main][URLConfigurationSource.java:121] - No URLs will be polled as dynamic configuration sources.
2024-08-27 21:48:12,987 INFO [main][URLConfigurationSource.java:122] - To enable URLs as dynamic configuration sources, define System property archaius.configurationSource.additionalUrls or make config.properties available on classpath.
2024-08-27 21:48:12,987 INFO [main][URLConfigurationSource.java:122] - To enable URLs as dynamic configuration sources, define System property archaius.configurationSource.additionalUrls or make config.properties available on classpath.
2024-08-27 21:48:13,040 INFO [main][ExecutorConfigurationSupport.java:181] - Initializing ExecutorService 'applicationTaskExecutor'
2024-08-27 21:48:13,040 INFO [main][ExecutorConfigurationSupport.java:181] - Initializing ExecutorService 'applicationTaskExecutor'
2024-08-27 21:48:14,176 INFO [main][InetUtils.java:170] - Cannot determine local hostname
2024-08-27 21:48:14,176 INFO [main][InetUtils.java:170] - Cannot determine local hostname
2024-08-27 21:48:14,179 INFO [main][ExecutorConfigurationSupport.java:181] - Initializing ExecutorService 'Nacos-Watch-Task-Scheduler'
2024-08-27 21:48:14,179 INFO [main][ExecutorConfigurationSupport.java:181] - Initializing ExecutorService 'Nacos-Watch-Task-Scheduler'
2024-08-27 21:48:15,282 INFO [main][InetUtils.java:170] - Cannot determine local hostname
2024-08-27 21:48:15,282 INFO [main][InetUtils.java:170] - Cannot determine local hostname
2024-08-27 21:48:15,447 INFO [main][DirectJDKLog.java:173] - Starting ProtocolHandler ["http-nio-63040"]
2024-08-27 21:48:15,447 INFO [main][DirectJDKLog.java:173] - Starting ProtocolHandler ["http-nio-63040"]
2024-08-27 21:48:15,458 INFO [main][TomcatWebServer.java:220] - Tomcat started on port(s): 63040 (http) with context path '/content'
2024-08-27 21:48:15,458 INFO [main][TomcatWebServer.java:220] - Tomcat started on port(s): 63040 (http) with context path '/content'
2024-08-27 21:48:15,649 INFO [main][NacosServiceRegistry.java:75] - nacos registry, springboot-xue-project content-api 192.168.150.1:63040 register finished
2024-08-27 21:48:15,649 INFO [main][NacosServiceRegistry.java:75] - nacos registry, springboot-xue-project content-api 192.168.150.1:63040 register finished
2024-08-27 21:48:16,714 INFO [main][InetUtils.java:170] - Cannot determine local hostname
2024-08-27 21:48:16,714 INFO [main][InetUtils.java:170] - Cannot determine local hostname
2024-08-27 21:48:16,714 INFO [main][DocumentationPluginsBootstrapper.java:160] - Context refreshed
2024-08-27 21:48:16,714 INFO [main][DocumentationPluginsBootstrapper.java:160] - Context refreshed
2024-08-27 21:48:16,721 INFO [main][DocumentationPluginsBootstrapper.java:163] - Found 1 custom documentation plugin(s)
2024-08-27 21:48:16,721 INFO [main][DocumentationPluginsBootstrapper.java:163] - Found 1 custom documentation plugin(s)
2024-08-27 21:48:16,740 INFO [main][ApiListingReferenceScanner.java:41] - Scanning for api listing references
2024-08-27 21:48:16,740 INFO [main][ApiListingReferenceScanner.java:41] - Scanning for api listing references
2024-08-27 21:48:16,849 INFO [main][StartupInfoLogger.java:61] - Started ContentApplication in 7.87 seconds (JVM running for 8.877)
2024-08-27 21:48:16,849 INFO [main][StartupInfoLogger.java:61] - Started ContentApplication in 7.87 seconds (JVM running for 8.877)
2024-08-27 21:53:06,000 WARN [Thread-24][NotifyCenter.java:145] - [NotifyCenter] Start destroying Publisher
2024-08-27 21:53:06,000 WARN [Thread-24][NotifyCenter.java:145] - [NotifyCenter] Start destroying Publisher
2024-08-27 21:53:06,000 WARN [Thread-24][NotifyCenter.java:162] - [NotifyCenter] Destruction of the end
2024-08-27 21:53:06,000 WARN [Thread-24][NotifyCenter.java:162] - [NotifyCenter] Destruction of the end
2024-08-27 21:53:06,000 WARN [Thread-18][HttpClientBeanHolder.java:108] - [HttpClientBeanHolder] Start destroying common HttpClient
2024-08-27 21:53:06,000 WARN [Thread-18][HttpClientBeanHolder.java:108] - [HttpClientBeanHolder] Start destroying common HttpClient
2024-08-27 21:53:06,002 WARN [Thread-18][HttpClientBeanHolder.java:114] - [HttpClientBeanHolder] Destruction of the end
2024-08-27 21:53:06,002 WARN [Thread-18][HttpClientBeanHolder.java:114] - [HttpClientBeanHolder] Destruction of the end
2024-08-27 21:53:06,055 INFO [SpringContextShutdownHook][ExecutorConfigurationSupport.java:218] - Shutting down ExecutorService 'Nacos-Watch-Task-Scheduler'
2024-08-27 21:53:06,055 INFO [SpringContextShutdownHook][ExecutorConfigurationSupport.java:218] - Shutting down ExecutorService 'Nacos-Watch-Task-Scheduler'
2024-08-27 21:53:06,056 INFO [SpringContextShutdownHook][NacosServiceRegistry.java:94] - De-registering from Nacos Server now...
2024-08-27 21:53:06,056 INFO [SpringContextShutdownHook][NacosServiceRegistry.java:94] - De-registering from Nacos Server now...
2024-08-27 21:53:06,059 INFO [SpringContextShutdownHook][NacosServiceRegistry.java:114] - De-registration finished.
2024-08-27 21:53:06,059 INFO [SpringContextShutdownHook][NacosServiceRegistry.java:114] - De-registration finished.
2024-08-27 21:53:09,830 WARN [SpringContextShutdownHook][DisposableBeanAdapter.java:349] - Destroy method 'close' on bean with name 'nacosServiceRegistry' threw an exception: java.lang.NullPointerException
2024-08-27 21:53:09,830 WARN [SpringContextShutdownHook][DisposableBeanAdapter.java:349] - Destroy method 'close' on bean with name 'nacosServiceRegistry' threw an exception: java.lang.NullPointerException
2024-08-27 21:53:09,832 INFO [SpringContextShutdownHook][ExecutorConfigurationSupport.java:218] - Shutting down ExecutorService 'applicationTaskExecutor'
2024-08-27 21:53:09,832 INFO [SpringContextShutdownHook][ExecutorConfigurationSupport.java:218] - Shutting down ExecutorService 'applicationTaskExecutor'
2024-08-27 21:53:14,722 INFO [background-preinit][Version.java:21] - HV000001: Hibernate Validator 6.1.6.Final
2024-08-27 21:53:14,722 INFO [background-preinit][Version.java:21] - HV000001: Hibernate Validator 6.1.6.Final
2024-08-27 21:53:16,074 INFO [main][SpringApplication.java:651] - No active profile set, falling back to default profiles: default
2024-08-27 21:53:16,074 INFO [main][SpringApplication.java:651] - No active profile set, falling back to default profiles: default
2024-08-27 21:53:16,596 INFO [main][GenericScope.java:295] - BeanFactory id=5bc8a6b3-0500-3fb2-899b-820b55afc91a
2024-08-27 21:53:16,596 INFO [main][GenericScope.java:295] - BeanFactory id=5bc8a6b3-0500-3fb2-899b-820b55afc91a
2024-08-27 21:53:16,765 INFO [main][TomcatWebServer.java:108] - Tomcat initialized with port(s): 63040 (http)
2024-08-27 21:53:16,765 INFO [main][TomcatWebServer.java:108] - Tomcat initialized with port(s): 63040 (http)
2024-08-27 21:53:16,772 INFO [main][DirectJDKLog.java:173] - Initializing ProtocolHandler ["http-nio-63040"]
2024-08-27 21:53:16,772 INFO [main][DirectJDKLog.java:173] - Initializing ProtocolHandler ["http-nio-63040"]
2024-08-27 21:53:16,772 INFO [main][DirectJDKLog.java:173] - Starting service [Tomcat]
2024-08-27 21:53:16,772 INFO [main][DirectJDKLog.java:173] - Starting service [Tomcat]
2024-08-27 21:53:16,772 INFO [main][DirectJDKLog.java:173] - Starting Servlet engine: [Apache Tomcat/9.0.41]
2024-08-27 21:53:16,772 INFO [main][DirectJDKLog.java:173] - Starting Servlet engine: [Apache Tomcat/9.0.41]
2024-08-27 21:53:16,839 INFO [main][DirectJDKLog.java:173] - Initializing Spring embedded WebApplicationContext
2024-08-27 21:53:16,839 INFO [main][DirectJDKLog.java:173] - Initializing Spring embedded WebApplicationContext
2024-08-27 21:53:16,839 INFO [main][ServletWebServerApplicationContext.java:285] - Root WebApplicationContext: initialization completed in 756 ms
2024-08-27 21:53:16,839 INFO [main][ServletWebServerApplicationContext.java:285] - Root WebApplicationContext: initialization completed in 756 ms
2024-08-27 21:53:17,424 INFO [main][PropertySourcedRequestMappingHandlerMapping.java:69] - Mapped URL path [/v2/api-docs] onto method [springfox.documentation.swagger2.web.Swagger2Controller#getDocumentation(String, HttpServletRequest)]
2024-08-27 21:53:17,424 INFO [main][PropertySourcedRequestMappingHandlerMapping.java:69] - Mapped URL path [/v2/api-docs] onto method [springfox.documentation.swagger2.web.Swagger2Controller#getDocumentation(String, HttpServletRequest)]
2024-08-27 21:53:17,441 WARN [main][URLConfigurationSource.java:121] - No URLs will be polled as dynamic configuration sources.
2024-08-27 21:53:17,441 WARN [main][URLConfigurationSource.java:121] - No URLs will be polled as dynamic configuration sources.
2024-08-27 21:53:17,441 INFO [main][URLConfigurationSource.java:122] - To enable URLs as dynamic configuration sources, define System property archaius.configurationSource.additionalUrls or make config.properties available on classpath.
2024-08-27 21:53:17,441 INFO [main][URLConfigurationSource.java:122] - To enable URLs as dynamic configuration sources, define System property archaius.configurationSource.additionalUrls or make config.properties available on classpath.
2024-08-27 21:53:17,444 WARN [main][URLConfigurationSource.java:121] - No URLs will be polled as dynamic configuration sources.
2024-08-27 21:53:17,444 WARN [main][URLConfigurationSource.java:121] - No URLs will be polled as dynamic configuration sources.
2024-08-27 21:53:17,444 INFO [main][URLConfigurationSource.java:122] - To enable URLs as dynamic configuration sources, define System property archaius.configurationSource.additionalUrls or make config.properties available on classpath.
2024-08-27 21:53:17,444 INFO [main][URLConfigurationSource.java:122] - To enable URLs as dynamic configuration sources, define System property archaius.configurationSource.additionalUrls or make config.properties available on classpath.
2024-08-27 21:53:17,492 INFO [main][ExecutorConfigurationSupport.java:181] - Initializing ExecutorService 'applicationTaskExecutor'
2024-08-27 21:53:17,492 INFO [main][ExecutorConfigurationSupport.java:181] - Initializing ExecutorService 'applicationTaskExecutor'
