2024-08-23 15:38:57,474 INFO [SpringContextShutdownHook][ExecutorConfigurationSupport.java:218] - Shutting down ExecutorService 'taskScheduler'
2024-08-23 15:38:57,474 INFO [SpringContextShutdownHook][ExecutorConfigurationSupport.java:218] - Shutting down ExecutorService 'taskScheduler'
2024-08-23 15:38:57,486 INFO [SpringContextShutdownHook][ExecutorConfigurationSupport.java:218] - Shutting down ExecutorService 'applicationTaskExecutor'
2024-08-23 15:38:57,486 INFO [SpringContextShutdownHook][ExecutorConfigurationSupport.java:218] - Shutting down ExecutorService 'applicationTaskExecutor'
2024-08-23 15:38:57,487 INFO [SpringContextShutdownHook][HikariDataSource.java:350] - HikariPool-1 - Shutdown initiated...
2024-08-23 15:38:57,487 INFO [SpringContextShutdownHook][HikariDataSource.java:350] - HikariPool-1 - Shutdown initiated...
2024-08-23 15:38:57,491 INFO [SpringContextShutdownHook][HikariDataSource.java:352] - HikariPool-1 - Shutdown completed.
2024-08-23 15:38:57,491 INFO [SpringContextShutdownHook][HikariDataSource.java:352] - HikariPool-1 - Shutdown completed.
2024-08-23 15:39:01,170 INFO [background-preinit][Version.java:21] - HV000001: Hibernate Validator 6.1.6.Final
2024-08-23 15:39:01,170 INFO [background-preinit][Version.java:21] - HV000001: Hibernate Validator 6.1.6.Final
2024-08-23 15:39:01,404 INFO [main][SpringApplication.java:651] - No active profile set, falling back to default profiles: default
2024-08-23 15:39:01,404 INFO [main][SpringApplication.java:651] - No active profile set, falling back to default profiles: default
2024-08-23 15:39:01,784 INFO [main][GenericScope.java:295] - BeanFactory id=47278d3f-3ef5-3011-9220-02fb98f70262
2024-08-23 15:39:01,784 INFO [main][GenericScope.java:295] - BeanFactory id=47278d3f-3ef5-3011-9220-02fb98f70262
2024-08-23 15:39:01,961 INFO [main][TomcatWebServer.java:108] - Tomcat initialized with port(s): 63110 (http)
2024-08-23 15:39:01,961 INFO [main][TomcatWebServer.java:108] - Tomcat initialized with port(s): 63110 (http)
2024-08-23 15:39:01,967 INFO [main][DirectJDKLog.java:173] - Initializing ProtocolHandler ["http-nio-63110"]
2024-08-23 15:39:01,967 INFO [main][DirectJDKLog.java:173] - Initializing ProtocolHandler ["http-nio-63110"]
2024-08-23 15:39:01,967 INFO [main][DirectJDKLog.java:173] - Starting service [Tomcat]
2024-08-23 15:39:01,967 INFO [main][DirectJDKLog.java:173] - Starting service [Tomcat]
2024-08-23 15:39:01,967 INFO [main][DirectJDKLog.java:173] - Starting Servlet engine: [Apache Tomcat/9.0.41]
2024-08-23 15:39:01,967 INFO [main][DirectJDKLog.java:173] - Starting Servlet engine: [Apache Tomcat/9.0.41]
2024-08-23 15:39:02,024 INFO [main][DirectJDKLog.java:173] - Initializing Spring embedded WebApplicationContext
2024-08-23 15:39:02,024 INFO [main][DirectJDKLog.java:173] - Initializing Spring embedded WebApplicationContext
2024-08-23 15:39:02,024 INFO [main][ServletWebServerApplicationContext.java:285] - Root WebApplicationContext: initialization completed in 610 ms
2024-08-23 15:39:02,024 INFO [main][ServletWebServerApplicationContext.java:285] - Root WebApplicationContext: initialization completed in 610 ms
2024-08-23 15:39:02,453 INFO [main][PropertySourcedRequestMappingHandlerMapping.java:69] - Mapped URL path [/v2/api-docs] onto method [springfox.documentation.swagger2.web.Swagger2Controller#getDocumentation(String, HttpServletRequest)]
2024-08-23 15:39:02,453 INFO [main][PropertySourcedRequestMappingHandlerMapping.java:69] - Mapped URL path [/v2/api-docs] onto method [springfox.documentation.swagger2.web.Swagger2Controller#getDocumentation(String, HttpServletRequest)]
2024-08-23 15:39:02,526 INFO [main][ExecutorConfigurationSupport.java:181] - Initializing ExecutorService 'applicationTaskExecutor'
2024-08-23 15:39:02,526 INFO [main][ExecutorConfigurationSupport.java:181] - Initializing ExecutorService 'applicationTaskExecutor'
