2024-10-17 16:28:01,318 INFO [background-preinit][Version.java:21] - HV000001: Hibernate Validator 6.1.6.Final
2024-10-17 16:28:01,318 INFO [background-preinit][Version.java:21] - HV000001: Hibernate Validator 6.1.6.Final
2024-10-17 16:28:02,704 INFO [main][SpringApplication.java:651] - No active profile set, falling back to default profiles: default
2024-10-17 16:28:02,704 INFO [main][SpringApplication.java:651] - No active profile set, falling back to default profiles: default
2024-10-17 16:28:03,310 INFO [main][GenericScope.java:295] - BeanFactory id=ac90feb8-d9a4-34ab-b32d-96df065d7cdf
2024-10-17 16:28:03,310 INFO [main][GenericScope.java:295] - BeanFactory id=ac90feb8-d9a4-34ab-b32d-96df065d7cdf
2024-10-17 16:28:03,520 INFO [main][TomcatWebServer.java:108] - Tomcat initialized with port(s): 63040 (http)
2024-10-17 16:28:03,520 INFO [main][TomcatWebServer.java:108] - Tomcat initialized with port(s): 63040 (http)
2024-10-17 16:28:03,527 INFO [main][DirectJDKLog.java:173] - Initializing ProtocolHandler ["http-nio-63040"]
2024-10-17 16:28:03,527 INFO [main][DirectJDKLog.java:173] - Initializing ProtocolHandler ["http-nio-63040"]
2024-10-17 16:28:03,527 INFO [main][DirectJDKLog.java:173] - Starting service [Tomcat]
2024-10-17 16:28:03,527 INFO [main][DirectJDKLog.java:173] - Starting service [Tomcat]
2024-10-17 16:28:03,527 INFO [main][DirectJDKLog.java:173] - Starting Servlet engine: [Apache Tomcat/9.0.41]
2024-10-17 16:28:03,527 INFO [main][DirectJDKLog.java:173] - Starting Servlet engine: [Apache Tomcat/9.0.41]
2024-10-17 16:28:03,588 INFO [main][DirectJDKLog.java:173] - Initializing Spring embedded WebApplicationContext
2024-10-17 16:28:03,588 INFO [main][DirectJDKLog.java:173] - Initializing Spring embedded WebApplicationContext
2024-10-17 16:28:03,589 INFO [main][ServletWebServerApplicationContext.java:285] - Root WebApplicationContext: initialization completed in 877 ms
2024-10-17 16:28:03,589 INFO [main][ServletWebServerApplicationContext.java:285] - Root WebApplicationContext: initialization completed in 877 ms
2024-10-17 16:28:04,504 INFO [main][PropertySourcedRequestMappingHandlerMapping.java:69] - Mapped URL path [/v2/api-docs] onto method [springfox.documentation.swagger2.web.Swagger2Controller#getDocumentation(String, HttpServletRequest)]
2024-10-17 16:28:04,504 INFO [main][PropertySourcedRequestMappingHandlerMapping.java:69] - Mapped URL path [/v2/api-docs] onto method [springfox.documentation.swagger2.web.Swagger2Controller#getDocumentation(String, HttpServletRequest)]
2024-10-17 16:28:04,524 WARN [main][URLConfigurationSource.java:121] - No URLs will be polled as dynamic configuration sources.
2024-10-17 16:28:04,524 WARN [main][URLConfigurationSource.java:121] - No URLs will be polled as dynamic configuration sources.
2024-10-17 16:28:04,524 INFO [main][URLConfigurationSource.java:122] - To enable URLs as dynamic configuration sources, define System property archaius.configurationSource.additionalUrls or make config.properties available on classpath.
2024-10-17 16:28:04,524 INFO [main][URLConfigurationSource.java:122] - To enable URLs as dynamic configuration sources, define System property archaius.configurationSource.additionalUrls or make config.properties available on classpath.
2024-10-17 16:28:04,526 WARN [main][URLConfigurationSource.java:121] - No URLs will be polled as dynamic configuration sources.
2024-10-17 16:28:04,526 WARN [main][URLConfigurationSource.java:121] - No URLs will be polled as dynamic configuration sources.
2024-10-17 16:28:04,526 INFO [main][URLConfigurationSource.java:122] - To enable URLs as dynamic configuration sources, define System property archaius.configurationSource.additionalUrls or make config.properties available on classpath.
2024-10-17 16:28:04,526 INFO [main][URLConfigurationSource.java:122] - To enable URLs as dynamic configuration sources, define System property archaius.configurationSource.additionalUrls or make config.properties available on classpath.
2024-10-17 16:28:04,586 INFO [main][ExecutorConfigurationSupport.java:181] - Initializing ExecutorService 'applicationTaskExecutor'
2024-10-17 16:28:04,586 INFO [main][ExecutorConfigurationSupport.java:181] - Initializing ExecutorService 'applicationTaskExecutor'
2024-10-17 16:28:05,711 INFO [main][InetUtils.java:170] - Cannot determine local hostname
2024-10-17 16:28:05,711 INFO [main][InetUtils.java:170] - Cannot determine local hostname
2024-10-17 16:28:05,714 INFO [main][ExecutorConfigurationSupport.java:181] - Initializing ExecutorService 'Nacos-Watch-Task-Scheduler'
2024-10-17 16:28:05,714 INFO [main][ExecutorConfigurationSupport.java:181] - Initializing ExecutorService 'Nacos-Watch-Task-Scheduler'
2024-10-17 16:28:06,829 INFO [main][InetUtils.java:170] - Cannot determine local hostname
2024-10-17 16:28:06,829 INFO [main][InetUtils.java:170] - Cannot determine local hostname
2024-10-17 16:28:06,864 INFO [main][XxlJobExecutor.java:183] - >>>>>>>>>>> xxl-job register jobhandler success, name:CoursePublishJobHandler, jobHandler:com.xxl.job.core.handler.impl.MethodJobHandler@6fc1a8f6[class com.huanf.content.service.jobhandler.CoursePublishTask#coursePublishJobTask]
2024-10-17 16:28:06,864 INFO [main][XxlJobExecutor.java:183] - >>>>>>>>>>> xxl-job register jobhandler success, name:CoursePublishJobHandler, jobHandler:com.xxl.job.core.handler.impl.MethodJobHandler@6fc1a8f6[class com.huanf.content.service.jobhandler.CoursePublishTask#coursePublishJobTask]
2024-10-17 16:28:07,038 INFO [Thread-22][EmbedServer.java:82] - >>>>>>>>>>> xxl-job remoting server start success, nettype = class com.xxl.job.core.server.EmbedServer, port = 8889
2024-10-17 16:28:07,038 INFO [Thread-22][EmbedServer.java:82] - >>>>>>>>>>> xxl-job remoting server start success, nettype = class com.xxl.job.core.server.EmbedServer, port = 8889
2024-10-17 16:28:07,039 INFO [main][DirectJDKLog.java:173] - Starting ProtocolHandler ["http-nio-63040"]
2024-10-17 16:28:07,039 INFO [main][DirectJDKLog.java:173] - Starting ProtocolHandler ["http-nio-63040"]
2024-10-17 16:28:07,050 INFO [main][TomcatWebServer.java:220] - Tomcat started on port(s): 63040 (http) with context path '/content'
2024-10-17 16:28:07,050 INFO [main][TomcatWebServer.java:220] - Tomcat started on port(s): 63040 (http) with context path '/content'
2024-10-17 16:28:07,058 INFO [main][NacosServiceRegistry.java:75] - nacos registry, springboot-xue-project content-api 192.168.150.1:63040 register finished
2024-10-17 16:28:07,058 INFO [main][NacosServiceRegistry.java:75] - nacos registry, springboot-xue-project content-api 192.168.150.1:63040 register finished
2024-10-17 16:28:08,127 INFO [main][InetUtils.java:170] - Cannot determine local hostname
2024-10-17 16:28:08,127 INFO [main][InetUtils.java:170] - Cannot determine local hostname
2024-10-17 16:28:08,127 INFO [main][DocumentationPluginsBootstrapper.java:160] - Context refreshed
2024-10-17 16:28:08,127 INFO [main][DocumentationPluginsBootstrapper.java:160] - Context refreshed
2024-10-17 16:28:08,136 INFO [main][DocumentationPluginsBootstrapper.java:163] - Found 1 custom documentation plugin(s)
2024-10-17 16:28:08,136 INFO [main][DocumentationPluginsBootstrapper.java:163] - Found 1 custom documentation plugin(s)
2024-10-17 16:28:08,161 INFO [main][ApiListingReferenceScanner.java:41] - Scanning for api listing references
2024-10-17 16:28:08,161 INFO [main][ApiListingReferenceScanner.java:41] - Scanning for api listing references
2024-10-17 16:28:08,294 INFO [main][StartupInfoLogger.java:61] - Started ContentApplication in 8.328 seconds (JVM running for 8.872)
2024-10-17 16:28:08,294 INFO [main][StartupInfoLogger.java:61] - Started ContentApplication in 8.328 seconds (JVM running for 8.872)
2024-10-17 16:28:35,142 INFO [xxl-job, EmbedServer bizThreadPool-412804328][XxlJobExecutor.java:246] - >>>>>>>>>>> xxl-job regist JobThread success, jobId:8, handler:com.xxl.job.core.handler.impl.MethodJobHandler@6fc1a8f6[class com.huanf.content.service.jobhandler.CoursePublishTask#coursePublishJobTask]
2024-10-17 16:28:35,142 INFO [xxl-job, EmbedServer bizThreadPool-412804328][XxlJobExecutor.java:246] - >>>>>>>>>>> xxl-job regist JobThread success, jobId:8, handler:com.xxl.job.core.handler.impl.MethodJobHandler@6fc1a8f6[class com.huanf.content.service.jobhandler.CoursePublishTask#coursePublishJobTask]
2024-10-17 16:28:35,162 INFO [xxl-job, JobThread-8-1729153715142][HikariDataSource.java:110] - HikariPool-1 - Starting...
2024-10-17 16:28:35,162 INFO [xxl-job, JobThread-8-1729153715142][HikariDataSource.java:110] - HikariPool-1 - Starting...
2024-10-17 16:28:35,283 INFO [xxl-job, JobThread-8-1729153715142][HikariDataSource.java:123] - HikariPool-1 - Start completed.
2024-10-17 16:28:35,283 INFO [xxl-job, JobThread-8-1729153715142][HikariDataSource.java:123] - HikariPool-1 - Start completed.
2024-10-17 16:55:03,664 WARN [Thread-29][NotifyCenter.java:145] - [NotifyCenter] Start destroying Publisher
2024-10-17 16:55:03,664 WARN [Thread-29][NotifyCenter.java:162] - [NotifyCenter] Destruction of the end
2024-10-17 16:55:03,664 WARN [Thread-29][NotifyCenter.java:145] - [NotifyCenter] Start destroying Publisher
2024-10-17 16:55:03,664 WARN [Thread-29][NotifyCenter.java:162] - [NotifyCenter] Destruction of the end
2024-10-17 16:55:03,665 WARN [Thread-23][HttpClientBeanHolder.java:108] - [HttpClientBeanHolder] Start destroying common HttpClient
2024-10-17 16:55:03,665 WARN [Thread-23][HttpClientBeanHolder.java:108] - [HttpClientBeanHolder] Start destroying common HttpClient
2024-10-17 16:55:03,665 WARN [Thread-23][HttpClientBeanHolder.java:114] - [HttpClientBeanHolder] Destruction of the end
2024-10-17 16:55:03,665 WARN [Thread-23][HttpClientBeanHolder.java:114] - [HttpClientBeanHolder] Destruction of the end
2024-10-17 16:55:03,714 INFO [SpringContextShutdownHook][ExecutorConfigurationSupport.java:218] - Shutting down ExecutorService 'Nacos-Watch-Task-Scheduler'
2024-10-17 16:55:03,714 INFO [SpringContextShutdownHook][ExecutorConfigurationSupport.java:218] - Shutting down ExecutorService 'Nacos-Watch-Task-Scheduler'
2024-10-17 16:55:03,722 INFO [SpringContextShutdownHook][NacosServiceRegistry.java:94] - De-registering from Nacos Server now...
2024-10-17 16:55:03,722 INFO [SpringContextShutdownHook][NacosServiceRegistry.java:94] - De-registering from Nacos Server now...
2024-10-17 16:55:03,724 INFO [SpringContextShutdownHook][NacosServiceRegistry.java:114] - De-registration finished.
2024-10-17 16:55:03,724 INFO [SpringContextShutdownHook][NacosServiceRegistry.java:114] - De-registration finished.
2024-10-17 16:55:11,454 WARN [SpringContextShutdownHook][DisposableBeanAdapter.java:349] - Destroy method 'close' on bean with name 'nacosServiceRegistry' threw an exception: java.lang.NullPointerException
2024-10-17 16:55:11,454 WARN [SpringContextShutdownHook][DisposableBeanAdapter.java:349] - Destroy method 'close' on bean with name 'nacosServiceRegistry' threw an exception: java.lang.NullPointerException
2024-10-17 16:55:11,454 INFO [SpringContextShutdownHook][ExecutorConfigurationSupport.java:218] - Shutting down ExecutorService 'applicationTaskExecutor'
2024-10-17 16:55:11,454 INFO [SpringContextShutdownHook][ExecutorConfigurationSupport.java:218] - Shutting down ExecutorService 'applicationTaskExecutor'
2024-10-17 16:55:11,456 INFO [Thread-22][EmbedServer.java:91] - >>>>>>>>>>> xxl-job remoting server stop.
2024-10-17 16:55:11,456 INFO [Thread-22][EmbedServer.java:91] - >>>>>>>>>>> xxl-job remoting server stop.
2024-10-17 16:55:11,457 INFO [xxl-job, executor ExecutorRegistryThread][ExecutorRegistryThread.java:87] - >>>>>>>>>>> xxl-job registry-remove success, registryParam:RegistryParam{registryGroup='EXECUTOR', registryKey='xxxHandler', registryValue='http://192.168.30.1:8889/'}, registryResult:ReturnT [code=200, msg=null, content=null]
2024-10-17 16:55:11,457 INFO [xxl-job, executor ExecutorRegistryThread][ExecutorRegistryThread.java:87] - >>>>>>>>>>> xxl-job registry-remove success, registryParam:RegistryParam{registryGroup='EXECUTOR', registryKey='xxxHandler', registryValue='http://192.168.30.1:8889/'}, registryResult:ReturnT [code=200, msg=null, content=null]
2024-10-17 16:55:11,459 INFO [xxl-job, executor ExecutorRegistryThread][ExecutorRegistryThread.java:105] - >>>>>>>>>>> xxl-job, executor registry thread destroy.
2024-10-17 16:55:11,459 INFO [xxl-job, executor ExecutorRegistryThread][ExecutorRegistryThread.java:105] - >>>>>>>>>>> xxl-job, executor registry thread destroy.
2024-10-17 16:55:11,460 INFO [SpringContextShutdownHook][EmbedServer.java:117] - >>>>>>>>>>> xxl-job remoting server destroy success.
2024-10-17 16:55:11,460 INFO [SpringContextShutdownHook][EmbedServer.java:117] - >>>>>>>>>>> xxl-job remoting server destroy success.
2024-10-17 16:55:11,462 INFO [xxl-job, JobThread-8-1729153715142][JobThread.java:250] - >>>>>>>>>>> xxl-job JobThread stoped, hashCode:Thread[xxl-job, JobThread-8-1729153715142,10,main]
2024-10-17 16:55:11,462 INFO [xxl-job, JobThread-8-1729153715142][JobThread.java:250] - >>>>>>>>>>> xxl-job JobThread stoped, hashCode:Thread[xxl-job, JobThread-8-1729153715142,10,main]
2024-10-17 16:55:11,462 INFO [xxl-job, executor TriggerCallbackThread][TriggerCallbackThread.java:98] - >>>>>>>>>>> xxl-job, executor callback thread destroy.
2024-10-17 16:55:11,462 INFO [xxl-job, executor TriggerCallbackThread][TriggerCallbackThread.java:98] - >>>>>>>>>>> xxl-job, executor callback thread destroy.
2024-10-17 16:55:11,462 INFO [Thread-21][TriggerCallbackThread.java:128] - >>>>>>>>>>> xxl-job, executor retry callback thread destroy.
2024-10-17 16:55:11,462 INFO [Thread-21][TriggerCallbackThread.java:128] - >>>>>>>>>>> xxl-job, executor retry callback thread destroy.
2024-10-17 16:55:11,464 INFO [SpringContextShutdownHook][HikariDataSource.java:350] - HikariPool-1 - Shutdown initiated...
2024-10-17 16:55:11,464 INFO [SpringContextShutdownHook][HikariDataSource.java:350] - HikariPool-1 - Shutdown initiated...
2024-10-17 16:55:11,468 INFO [SpringContextShutdownHook][HikariDataSource.java:352] - HikariPool-1 - Shutdown completed.
2024-10-17 16:55:11,468 INFO [SpringContextShutdownHook][HikariDataSource.java:352] - HikariPool-1 - Shutdown completed.
2024-10-17 16:55:26,499 INFO [background-preinit][Version.java:21] - HV000001: Hibernate Validator 6.1.6.Final
2024-10-17 16:55:26,499 INFO [background-preinit][Version.java:21] - HV000001: Hibernate Validator 6.1.6.Final
2024-10-17 16:55:27,876 INFO [main][SpringApplication.java:651] - No active profile set, falling back to default profiles: default
2024-10-17 16:55:27,876 INFO [main][SpringApplication.java:651] - No active profile set, falling back to default profiles: default
2024-10-17 16:55:28,622 INFO [main][GenericScope.java:295] - BeanFactory id=7ae6dfc8-72dd-3602-8e9f-83063143fd07
2024-10-17 16:55:28,622 INFO [main][GenericScope.java:295] - BeanFactory id=7ae6dfc8-72dd-3602-8e9f-83063143fd07
2024-10-17 16:55:28,633 INFO [main][PostProcessorRegistrationDelegate.java:335] - Bean 'com.huanf.content.feignclient.MediaServiceClient' of type [org.springframework.cloud.openfeign.FeignClientFactoryBean] is not eligible for getting processed by all BeanPostProcessors (for example: not eligible for auto-proxying)
2024-10-17 16:55:28,633 INFO [main][PostProcessorRegistrationDelegate.java:335] - Bean 'com.huanf.content.feignclient.MediaServiceClient' of type [org.springframework.cloud.openfeign.FeignClientFactoryBean] is not eligible for getting processed by all BeanPostProcessors (for example: not eligible for auto-proxying)
2024-10-17 16:55:29,145 INFO [main][TomcatWebServer.java:108] - Tomcat initialized with port(s): 63040 (http)
2024-10-17 16:55:29,145 INFO [main][TomcatWebServer.java:108] - Tomcat initialized with port(s): 63040 (http)
2024-10-17 16:55:29,151 INFO [main][DirectJDKLog.java:173] - Initializing ProtocolHandler ["http-nio-63040"]
2024-10-17 16:55:29,151 INFO [main][DirectJDKLog.java:173] - Initializing ProtocolHandler ["http-nio-63040"]
2024-10-17 16:55:29,152 INFO [main][DirectJDKLog.java:173] - Starting service [Tomcat]
2024-10-17 16:55:29,152 INFO [main][DirectJDKLog.java:173] - Starting service [Tomcat]
2024-10-17 16:55:29,152 INFO [main][DirectJDKLog.java:173] - Starting Servlet engine: [Apache Tomcat/9.0.41]
2024-10-17 16:55:29,152 INFO [main][DirectJDKLog.java:173] - Starting Servlet engine: [Apache Tomcat/9.0.41]
2024-10-17 16:55:29,233 INFO [main][DirectJDKLog.java:173] - Initializing Spring embedded WebApplicationContext
2024-10-17 16:55:29,233 INFO [main][DirectJDKLog.java:173] - Initializing Spring embedded WebApplicationContext
2024-10-17 16:55:29,233 INFO [main][ServletWebServerApplicationContext.java:285] - Root WebApplicationContext: initialization completed in 1349 ms
2024-10-17 16:55:29,233 INFO [main][ServletWebServerApplicationContext.java:285] - Root WebApplicationContext: initialization completed in 1349 ms
2024-10-17 16:55:30,388 INFO [main][PropertySourcedRequestMappingHandlerMapping.java:69] - Mapped URL path [/v2/api-docs] onto method [springfox.documentation.swagger2.web.Swagger2Controller#getDocumentation(String, HttpServletRequest)]
2024-10-17 16:55:30,388 INFO [main][PropertySourcedRequestMappingHandlerMapping.java:69] - Mapped URL path [/v2/api-docs] onto method [springfox.documentation.swagger2.web.Swagger2Controller#getDocumentation(String, HttpServletRequest)]
2024-10-17 16:55:30,406 WARN [main][URLConfigurationSource.java:121] - No URLs will be polled as dynamic configuration sources.
2024-10-17 16:55:30,406 WARN [main][URLConfigurationSource.java:121] - No URLs will be polled as dynamic configuration sources.
2024-10-17 16:55:30,406 INFO [main][URLConfigurationSource.java:122] - To enable URLs as dynamic configuration sources, define System property archaius.configurationSource.additionalUrls or make config.properties available on classpath.
2024-10-17 16:55:30,406 INFO [main][URLConfigurationSource.java:122] - To enable URLs as dynamic configuration sources, define System property archaius.configurationSource.additionalUrls or make config.properties available on classpath.
2024-10-17 16:55:30,409 WARN [main][URLConfigurationSource.java:121] - No URLs will be polled as dynamic configuration sources.
2024-10-17 16:55:30,409 WARN [main][URLConfigurationSource.java:121] - No URLs will be polled as dynamic configuration sources.
2024-10-17 16:55:30,409 INFO [main][URLConfigurationSource.java:122] - To enable URLs as dynamic configuration sources, define System property archaius.configurationSource.additionalUrls or make config.properties available on classpath.
2024-10-17 16:55:30,409 INFO [main][URLConfigurationSource.java:122] - To enable URLs as dynamic configuration sources, define System property archaius.configurationSource.additionalUrls or make config.properties available on classpath.
2024-10-17 16:55:30,476 INFO [main][ExecutorConfigurationSupport.java:181] - Initializing ExecutorService 'applicationTaskExecutor'
2024-10-17 16:55:30,476 INFO [main][ExecutorConfigurationSupport.java:181] - Initializing ExecutorService 'applicationTaskExecutor'
2024-10-17 16:55:31,598 INFO [main][InetUtils.java:170] - Cannot determine local hostname
2024-10-17 16:55:31,598 INFO [main][InetUtils.java:170] - Cannot determine local hostname
2024-10-17 16:55:31,602 INFO [main][ExecutorConfigurationSupport.java:181] - Initializing ExecutorService 'Nacos-Watch-Task-Scheduler'
2024-10-17 16:55:31,602 INFO [main][ExecutorConfigurationSupport.java:181] - Initializing ExecutorService 'Nacos-Watch-Task-Scheduler'
2024-10-17 16:55:32,781 INFO [main][InetUtils.java:170] - Cannot determine local hostname
2024-10-17 16:55:32,781 INFO [main][InetUtils.java:170] - Cannot determine local hostname
2024-10-17 16:55:32,816 INFO [main][XxlJobExecutor.java:183] - >>>>>>>>>>> xxl-job register jobhandler success, name:CoursePublishJobHandler, jobHandler:com.xxl.job.core.handler.impl.MethodJobHandler@139089a4[class com.huanf.content.service.jobhandler.CoursePublishTask#coursePublishJobTask]
2024-10-17 16:55:32,816 INFO [main][XxlJobExecutor.java:183] - >>>>>>>>>>> xxl-job register jobhandler success, name:CoursePublishJobHandler, jobHandler:com.xxl.job.core.handler.impl.MethodJobHandler@139089a4[class com.huanf.content.service.jobhandler.CoursePublishTask#coursePublishJobTask]
2024-10-17 16:55:32,985 INFO [main][DirectJDKLog.java:173] - Starting ProtocolHandler ["http-nio-63040"]
2024-10-17 16:55:32,985 INFO [main][DirectJDKLog.java:173] - Starting ProtocolHandler ["http-nio-63040"]
2024-10-17 16:55:33,103 INFO [Thread-24][EmbedServer.java:82] - >>>>>>>>>>> xxl-job remoting server start success, nettype = class com.xxl.job.core.server.EmbedServer, port = 8889
2024-10-17 16:55:33,103 INFO [Thread-24][EmbedServer.java:82] - >>>>>>>>>>> xxl-job remoting server start success, nettype = class com.xxl.job.core.server.EmbedServer, port = 8889
2024-10-17 16:55:33,104 INFO [main][TomcatWebServer.java:220] - Tomcat started on port(s): 63040 (http) with context path '/content'
2024-10-17 16:55:33,104 INFO [main][TomcatWebServer.java:220] - Tomcat started on port(s): 63040 (http) with context path '/content'
2024-10-17 16:55:33,112 INFO [main][NacosServiceRegistry.java:75] - nacos registry, springboot-xue-project content-api 192.168.150.1:63040 register finished
2024-10-17 16:55:33,112 INFO [main][NacosServiceRegistry.java:75] - nacos registry, springboot-xue-project content-api 192.168.150.1:63040 register finished
2024-10-17 16:55:34,179 INFO [main][InetUtils.java:170] - Cannot determine local hostname
2024-10-17 16:55:34,179 INFO [main][InetUtils.java:170] - Cannot determine local hostname
2024-10-17 16:55:34,179 INFO [main][DocumentationPluginsBootstrapper.java:160] - Context refreshed
2024-10-17 16:55:34,179 INFO [main][DocumentationPluginsBootstrapper.java:160] - Context refreshed
2024-10-17 16:55:34,188 INFO [main][DocumentationPluginsBootstrapper.java:163] - Found 1 custom documentation plugin(s)
2024-10-17 16:55:34,188 INFO [main][DocumentationPluginsBootstrapper.java:163] - Found 1 custom documentation plugin(s)
2024-10-17 16:55:34,210 INFO [main][ApiListingReferenceScanner.java:41] - Scanning for api listing references
2024-10-17 16:55:34,210 INFO [main][ApiListingReferenceScanner.java:41] - Scanning for api listing references
2024-10-17 16:55:34,367 INFO [main][StartupInfoLogger.java:61] - Started ContentApplication in 9.216 seconds (JVM running for 9.695)
2024-10-17 16:55:34,367 INFO [main][StartupInfoLogger.java:61] - Started ContentApplication in 9.216 seconds (JVM running for 9.695)
2024-10-17 16:56:05,066 INFO [xxl-job, EmbedServer bizThreadPool-1011621796][XxlJobExecutor.java:246] - >>>>>>>>>>> xxl-job regist JobThread success, jobId:8, handler:com.xxl.job.core.handler.impl.MethodJobHandler@139089a4[class com.huanf.content.service.jobhandler.CoursePublishTask#coursePublishJobTask]
2024-10-17 16:56:05,066 INFO [xxl-job, EmbedServer bizThreadPool-1011621796][XxlJobExecutor.java:246] - >>>>>>>>>>> xxl-job regist JobThread success, jobId:8, handler:com.xxl.job.core.handler.impl.MethodJobHandler@139089a4[class com.huanf.content.service.jobhandler.CoursePublishTask#coursePublishJobTask]
2024-10-17 16:56:05,085 INFO [xxl-job, JobThread-8-1729155365066][HikariDataSource.java:110] - HikariPool-1 - Starting...
2024-10-17 16:56:05,085 INFO [xxl-job, JobThread-8-1729155365066][HikariDataSource.java:110] - HikariPool-1 - Starting...
2024-10-17 16:56:05,198 INFO [xxl-job, JobThread-8-1729155365066][HikariDataSource.java:123] - HikariPool-1 - Start completed.
2024-10-17 16:56:05,198 INFO [xxl-job, JobThread-8-1729155365066][HikariDataSource.java:123] - HikariPool-1 - Start completed.
