2024-08-27 14:18:17,934 INFO [SpringContextShutdownHook][ExecutorConfigurationSupport.java:218] - Shutting down ExecutorService 'applicationTaskExecutor'
2024-08-27 14:18:17,934 INFO [SpringContextShutdownHook][ExecutorConfigurationSupport.java:218] - Shutting down ExecutorService 'applicationTaskExecutor'
2024-08-27 14:18:17,946 INFO [SpringContextShutdownHook][HikariDataSource.java:350] - HikariPool-1 - Shutdown initiated...
2024-08-27 14:18:17,946 INFO [SpringContextShutdownHook][HikariDataSource.java:350] - HikariPool-1 - Shutdown initiated...
2024-08-27 14:18:17,950 INFO [SpringContextShutdownHook][HikariDataSource.java:352] - HikariPool-1 - Shutdown completed.
2024-08-27 14:18:17,950 INFO [SpringContextShutdownHook][HikariDataSource.java:352] - HikariPool-1 - Shutdown completed.
2024-08-27 14:18:22,994 INFO [background-preinit][Version.java:21] - HV000001: Hibernate Validator 6.1.6.Final
2024-08-27 14:18:22,994 INFO [background-preinit][Version.java:21] - HV000001: Hibernate Validator 6.1.6.Final
2024-08-27 14:18:23,241 INFO [main][SpringApplication.java:651] - No active profile set, falling back to default profiles: default
2024-08-27 14:18:23,241 INFO [main][SpringApplication.java:651] - No active profile set, falling back to default profiles: default
2024-08-27 14:18:23,655 INFO [main][GenericScope.java:295] - BeanFactory id=3d65e5ee-eb02-3e41-a30a-2a0848c14703
2024-08-27 14:18:23,655 INFO [main][GenericScope.java:295] - BeanFactory id=3d65e5ee-eb02-3e41-a30a-2a0848c14703
2024-08-27 14:18:23,812 INFO [main][TomcatWebServer.java:108] - Tomcat initialized with port(s): 63040 (http)
2024-08-27 14:18:23,812 INFO [main][TomcatWebServer.java:108] - Tomcat initialized with port(s): 63040 (http)
2024-08-27 14:18:23,817 INFO [main][DirectJDKLog.java:173] - Initializing ProtocolHandler ["http-nio-63040"]
2024-08-27 14:18:23,817 INFO [main][DirectJDKLog.java:173] - Initializing ProtocolHandler ["http-nio-63040"]
2024-08-27 14:18:23,818 INFO [main][DirectJDKLog.java:173] - Starting service [Tomcat]
2024-08-27 14:18:23,818 INFO [main][DirectJDKLog.java:173] - Starting service [Tomcat]
2024-08-27 14:18:23,818 INFO [main][DirectJDKLog.java:173] - Starting Servlet engine: [Apache Tomcat/9.0.41]
2024-08-27 14:18:23,818 INFO [main][DirectJDKLog.java:173] - Starting Servlet engine: [Apache Tomcat/9.0.41]
2024-08-27 14:18:23,868 INFO [main][DirectJDKLog.java:173] - Initializing Spring embedded WebApplicationContext
2024-08-27 14:18:23,868 INFO [main][DirectJDKLog.java:173] - Initializing Spring embedded WebApplicationContext
2024-08-27 14:18:23,868 INFO [main][ServletWebServerApplicationContext.java:285] - Root WebApplicationContext: initialization completed in 619 ms
2024-08-27 14:18:23,868 INFO [main][ServletWebServerApplicationContext.java:285] - Root WebApplicationContext: initialization completed in 619 ms
2024-08-27 14:18:24,433 INFO [main][PropertySourcedRequestMappingHandlerMapping.java:69] - Mapped URL path [/v2/api-docs] onto method [springfox.documentation.swagger2.web.Swagger2Controller#getDocumentation(String, HttpServletRequest)]
2024-08-27 14:18:24,433 INFO [main][PropertySourcedRequestMappingHandlerMapping.java:69] - Mapped URL path [/v2/api-docs] onto method [springfox.documentation.swagger2.web.Swagger2Controller#getDocumentation(String, HttpServletRequest)]
2024-08-27 14:18:24,483 INFO [main][ExecutorConfigurationSupport.java:181] - Initializing ExecutorService 'applicationTaskExecutor'
2024-08-27 14:18:24,483 INFO [main][ExecutorConfigurationSupport.java:181] - Initializing ExecutorService 'applicationTaskExecutor'
2024-08-27 14:18:24,593 INFO [main][DirectJDKLog.java:173] - Starting ProtocolHandler ["http-nio-63040"]
2024-08-27 14:18:24,593 INFO [main][DirectJDKLog.java:173] - Starting ProtocolHandler ["http-nio-63040"]
2024-08-27 14:18:24,606 INFO [main][TomcatWebServer.java:220] - Tomcat started on port(s): 63040 (http) with context path '/content'
2024-08-27 14:18:24,606 INFO [main][TomcatWebServer.java:220] - Tomcat started on port(s): 63040 (http) with context path '/content'
2024-08-27 14:18:24,607 INFO [main][DocumentationPluginsBootstrapper.java:160] - Context refreshed
2024-08-27 14:18:24,607 INFO [main][DocumentationPluginsBootstrapper.java:160] - Context refreshed
2024-08-27 14:18:24,615 INFO [main][DocumentationPluginsBootstrapper.java:163] - Found 1 custom documentation plugin(s)
2024-08-27 14:18:24,615 INFO [main][DocumentationPluginsBootstrapper.java:163] - Found 1 custom documentation plugin(s)
2024-08-27 14:18:24,635 INFO [main][ApiListingReferenceScanner.java:41] - Scanning for api listing references
2024-08-27 14:18:24,635 INFO [main][ApiListingReferenceScanner.java:41] - Scanning for api listing references
2024-08-27 14:18:24,756 INFO [main][StartupInfoLogger.java:61] - Started ContentApplication in 1.973 seconds (JVM running for 2.374)
2024-08-27 14:18:24,756 INFO [main][StartupInfoLogger.java:61] - Started ContentApplication in 1.973 seconds (JVM running for 2.374)
